2020-09-23 13:28:03 [main] INFO  com.ecommerce.Application - Starting Application on DESKTOP-KVCQHCD with PID 2900 (C:\SSAFY\BlockChain_SubPJT3\s03p23a103\backend\target\classes started by multicampus in C:\SSAFY\BlockChain_SubPJT3\s03p23a103)
2020-09-23 13:28:03 [main] DEBUG com.ecommerce.Application - Running with Spring Boot v2.1.4.RELEASE, Spring v5.1.6.RELEASE
2020-09-23 13:28:03 [main] INFO  com.ecommerce.Application - No active profile set, falling back to default profiles: default
2020-09-23 13:28:05 [main] INFO  o.s.c.s.PostProcessorRegistrationDelegate$BeanPostProcessorChecker - Bean 'org.springframework.transaction.annotation.ProxyTransactionManagementConfiguration' of type [org.springframework.transaction.annotation.ProxyTransactionManagementConfiguration$$EnhancerBySpringCGLIB$$b1598a89] is not eligible for getting processed by all BeanPostProcessors (for example: not eligible for auto-proxying)
2020-09-23 13:28:05 [main] INFO  o.s.b.w.e.tomcat.TomcatWebServer - Tomcat initialized with port(s): 8080 (http)
2020-09-23 13:28:05 [main] INFO  o.a.catalina.core.StandardService - Starting service [Tomcat]
2020-09-23 13:28:05 [main] INFO  o.a.catalina.core.StandardEngine - Starting Servlet engine: [Apache Tomcat/9.0.17]
2020-09-23 13:28:05 [main] INFO  o.a.c.c.C.[Tomcat].[localhost].[/] - Initializing Spring embedded WebApplicationContext
2020-09-23 13:28:06 [main] INFO  s.d.s.w.PropertySourcedRequestMappingHandlerMapping - Mapped URL path [/v2/api-docs] onto method [public org.springframework.http.ResponseEntity<springfox.documentation.spring.web.json.Json> springfox.documentation.swagger2.web.Swagger2Controller.getDocumentation(java.lang.String,javax.servlet.http.HttpServletRequest)]
2020-09-23 13:28:06 [main] INFO  o.s.s.c.ThreadPoolTaskExecutor - Initializing ExecutorService 'applicationTaskExecutor'
2020-09-23 13:28:07 [main] INFO  s.d.s.w.p.DocumentationPluginsBootstrapper - Context refreshed
2020-09-23 13:28:07 [main] INFO  s.d.s.w.p.DocumentationPluginsBootstrapper - Found 1 custom documentation plugin(s)
2020-09-23 13:28:07 [main] INFO  s.d.s.w.s.ApiListingReferenceScanner - Scanning for api listing references
2020-09-23 13:28:07 [main] INFO  s.d.s.w.r.o.CachingOperationNameGenerator - Generating unique operation named: listUsingGET_1
2020-09-23 13:28:07 [main] INFO  s.d.s.w.r.o.CachingOperationNameGenerator - Generating unique operation named: deleteUsingDELETE_1
2020-09-23 13:28:07 [main] INFO  s.d.s.w.r.o.CachingOperationNameGenerator - Generating unique operation named: listUsingGET_2
2020-09-23 13:28:07 [main] INFO  s.d.s.w.r.o.CachingOperationNameGenerator - Generating unique operation named: registerUsingPOST_1
2020-09-23 13:28:07 [main] INFO  s.d.s.w.r.o.CachingOperationNameGenerator - Generating unique operation named: deleteUsingDELETE_2
2020-09-23 13:28:07 [main] INFO  s.d.s.w.r.o.CachingOperationNameGenerator - Generating unique operation named: listUsingGET_3
2020-09-23 13:28:07 [main] INFO  s.d.s.w.r.o.CachingOperationNameGenerator - Generating unique operation named: registerUsingPOST_2
2020-09-23 13:28:07 [main] INFO  s.d.s.w.r.o.CachingOperationNameGenerator - Generating unique operation named: deleteUsingDELETE_3
2020-09-23 13:28:07 [main] INFO  s.d.s.w.r.o.CachingOperationNameGenerator - Generating unique operation named: getUsingGET_1
2020-09-23 13:28:07 [main] INFO  s.d.s.w.r.o.CachingOperationNameGenerator - Generating unique operation named: listUsingGET_4
2020-09-23 13:28:07 [main] INFO  s.d.s.w.r.o.CachingOperationNameGenerator - Generating unique operation named: updateUsingPUT_1
2020-09-23 13:28:07 [main] INFO  s.d.s.w.r.o.CachingOperationNameGenerator - Generating unique operation named: getUsingGET_2
2020-09-23 13:28:07 [main] INFO  s.d.s.w.r.o.CachingOperationNameGenerator - Generating unique operation named: getByUserUsingGET_1
2020-09-23 13:28:07 [main] INFO  s.d.s.w.r.o.CachingOperationNameGenerator - Generating unique operation named: registerUsingPOST_3
2020-09-23 13:28:07 [main] INFO  o.s.b.w.e.tomcat.TomcatWebServer - Tomcat started on port(s): 8080 (http) with context path ''
2020-09-23 13:28:07 [main] INFO  com.ecommerce.Application - Started Application in 4.431 seconds (JVM running for 5.301)
2020-09-23 13:29:13 [http-nio-8080-exec-2] INFO  o.a.c.c.C.[Tomcat].[localhost].[/] - Initializing Spring DispatcherServlet 'dispatcherServlet'
2020-09-23 13:29:13 [http-nio-8080-exec-2] INFO  com.zaxxer.hikari.HikariDataSource - HikariPool-1 - Starting...
2020-09-23 13:29:13 [http-nio-8080-exec-2] INFO  com.zaxxer.hikari.HikariDataSource - HikariPool-1 - Start completed.
2020-09-23 13:31:19 [main] INFO  com.ecommerce.Application - Starting Application on DESKTOP-KVCQHCD with PID 11620 (C:\SSAFY\BlockChain_SubPJT3\s03p23a103\backend\target\classes started by multicampus in C:\SSAFY\BlockChain_SubPJT3\s03p23a103)
2020-09-23 13:31:19 [main] DEBUG com.ecommerce.Application - Running with Spring Boot v2.1.4.RELEASE, Spring v5.1.6.RELEASE
2020-09-23 13:31:19 [main] INFO  com.ecommerce.Application - No active profile set, falling back to default profiles: default
2020-09-23 13:31:20 [main] INFO  o.s.c.s.PostProcessorRegistrationDelegate$BeanPostProcessorChecker - Bean 'org.springframework.transaction.annotation.ProxyTransactionManagementConfiguration' of type [org.springframework.transaction.annotation.ProxyTransactionManagementConfiguration$$EnhancerBySpringCGLIB$$cc994df4] is not eligible for getting processed by all BeanPostProcessors (for example: not eligible for auto-proxying)
2020-09-23 13:31:21 [main] INFO  o.s.b.w.e.tomcat.TomcatWebServer - Tomcat initialized with port(s): 8080 (http)
2020-09-23 13:31:21 [main] INFO  o.a.catalina.core.StandardService - Starting service [Tomcat]
2020-09-23 13:31:21 [main] INFO  o.a.catalina.core.StandardEngine - Starting Servlet engine: [Apache Tomcat/9.0.17]
2020-09-23 13:31:21 [main] INFO  o.a.c.c.C.[Tomcat].[localhost].[/] - Initializing Spring embedded WebApplicationContext
2020-09-23 13:31:22 [main] INFO  s.d.s.w.PropertySourcedRequestMappingHandlerMapping - Mapped URL path [/v2/api-docs] onto method [public org.springframework.http.ResponseEntity<springfox.documentation.spring.web.json.Json> springfox.documentation.swagger2.web.Swagger2Controller.getDocumentation(java.lang.String,javax.servlet.http.HttpServletRequest)]
2020-09-23 13:31:22 [main] INFO  o.s.s.c.ThreadPoolTaskExecutor - Initializing ExecutorService 'applicationTaskExecutor'
2020-09-23 13:31:23 [main] INFO  s.d.s.w.p.DocumentationPluginsBootstrapper - Context refreshed
2020-09-23 13:31:23 [main] INFO  s.d.s.w.p.DocumentationPluginsBootstrapper - Found 1 custom documentation plugin(s)
2020-09-23 13:31:23 [main] INFO  s.d.s.w.s.ApiListingReferenceScanner - Scanning for api listing references
2020-09-23 13:31:23 [main] INFO  s.d.s.w.r.o.CachingOperationNameGenerator - Generating unique operation named: listUsingGET_1
2020-09-23 13:31:23 [main] INFO  s.d.s.w.r.o.CachingOperationNameGenerator - Generating unique operation named: deleteUsingDELETE_1
2020-09-23 13:31:23 [main] INFO  s.d.s.w.r.o.CachingOperationNameGenerator - Generating unique operation named: listUsingGET_2
2020-09-23 13:31:23 [main] INFO  s.d.s.w.r.o.CachingOperationNameGenerator - Generating unique operation named: registerUsingPOST_1
2020-09-23 13:31:23 [main] INFO  s.d.s.w.r.o.CachingOperationNameGenerator - Generating unique operation named: deleteUsingDELETE_2
2020-09-23 13:31:23 [main] INFO  s.d.s.w.r.o.CachingOperationNameGenerator - Generating unique operation named: listUsingGET_3
2020-09-23 13:31:23 [main] INFO  s.d.s.w.r.o.CachingOperationNameGenerator - Generating unique operation named: registerUsingPOST_2
2020-09-23 13:31:23 [main] INFO  s.d.s.w.r.o.CachingOperationNameGenerator - Generating unique operation named: deleteUsingDELETE_3
2020-09-23 13:31:23 [main] INFO  s.d.s.w.r.o.CachingOperationNameGenerator - Generating unique operation named: getUsingGET_1
2020-09-23 13:31:23 [main] INFO  s.d.s.w.r.o.CachingOperationNameGenerator - Generating unique operation named: listUsingGET_4
2020-09-23 13:31:23 [main] INFO  s.d.s.w.r.o.CachingOperationNameGenerator - Generating unique operation named: updateUsingPUT_1
2020-09-23 13:31:23 [main] INFO  s.d.s.w.r.o.CachingOperationNameGenerator - Generating unique operation named: getUsingGET_2
2020-09-23 13:31:23 [main] INFO  s.d.s.w.r.o.CachingOperationNameGenerator - Generating unique operation named: getByUserUsingGET_1
2020-09-23 13:31:23 [main] INFO  s.d.s.w.r.o.CachingOperationNameGenerator - Generating unique operation named: registerUsingPOST_3
2020-09-23 13:31:23 [main] INFO  o.s.b.w.e.tomcat.TomcatWebServer - Tomcat started on port(s): 8080 (http) with context path ''
2020-09-23 13:31:23 [main] INFO  com.ecommerce.Application - Started Application in 4.373 seconds (JVM running for 4.824)
2020-09-23 13:31:48 [http-nio-8080-exec-1] INFO  o.a.c.c.C.[Tomcat].[localhost].[/] - Initializing Spring DispatcherServlet 'dispatcherServlet'
2020-09-23 13:31:48 [http-nio-8080-exec-1] INFO  com.zaxxer.hikari.HikariDataSource - HikariPool-1 - Starting...
2020-09-23 13:31:49 [http-nio-8080-exec-1] INFO  com.zaxxer.hikari.HikariDataSource - HikariPool-1 - Start completed.
2020-09-23 13:32:28 [main] INFO  com.ecommerce.Application - Starting Application on DESKTOP-KVCQHCD with PID 16760 (C:\SSAFY\BlockChain_SubPJT3\s03p23a103\backend\target\classes started by multicampus in C:\SSAFY\BlockChain_SubPJT3\s03p23a103)
2020-09-23 13:32:28 [main] DEBUG com.ecommerce.Application - Running with Spring Boot v2.1.4.RELEASE, Spring v5.1.6.RELEASE
2020-09-23 13:32:28 [main] INFO  com.ecommerce.Application - No active profile set, falling back to default profiles: default
2020-09-23 13:32:29 [main] INFO  o.s.c.s.PostProcessorRegistrationDelegate$BeanPostProcessorChecker - Bean 'org.springframework.transaction.annotation.ProxyTransactionManagementConfiguration' of type [org.springframework.transaction.annotation.ProxyTransactionManagementConfiguration$$EnhancerBySpringCGLIB$$dd45b2ea] is not eligible for getting processed by all BeanPostProcessors (for example: not eligible for auto-proxying)
2020-09-23 13:32:30 [main] INFO  o.s.b.w.e.tomcat.TomcatWebServer - Tomcat initialized with port(s): 8080 (http)
2020-09-23 13:32:30 [main] INFO  o.a.catalina.core.StandardService - Starting service [Tomcat]
2020-09-23 13:32:30 [main] INFO  o.a.catalina.core.StandardEngine - Starting Servlet engine: [Apache Tomcat/9.0.17]
2020-09-23 13:32:30 [main] INFO  o.a.c.c.C.[Tomcat].[localhost].[/] - Initializing Spring embedded WebApplicationContext
2020-09-23 13:32:31 [main] INFO  s.d.s.w.PropertySourcedRequestMappingHandlerMapping - Mapped URL path [/v2/api-docs] onto method [public org.springframework.http.ResponseEntity<springfox.documentation.spring.web.json.Json> springfox.documentation.swagger2.web.Swagger2Controller.getDocumentation(java.lang.String,javax.servlet.http.HttpServletRequest)]
2020-09-23 13:32:31 [main] INFO  o.s.s.c.ThreadPoolTaskExecutor - Initializing ExecutorService 'applicationTaskExecutor'
2020-09-23 13:32:31 [main] INFO  s.d.s.w.p.DocumentationPluginsBootstrapper - Context refreshed
2020-09-23 13:32:31 [main] INFO  s.d.s.w.p.DocumentationPluginsBootstrapper - Found 1 custom documentation plugin(s)
2020-09-23 13:32:31 [main] INFO  s.d.s.w.s.ApiListingReferenceScanner - Scanning for api listing references
2020-09-23 13:32:32 [main] INFO  s.d.s.w.r.o.CachingOperationNameGenerator - Generating unique operation named: listUsingGET_1
2020-09-23 13:32:32 [main] INFO  s.d.s.w.r.o.CachingOperationNameGenerator - Generating unique operation named: deleteUsingDELETE_1
2020-09-23 13:32:32 [main] INFO  s.d.s.w.r.o.CachingOperationNameGenerator - Generating unique operation named: listUsingGET_2
2020-09-23 13:32:32 [main] INFO  s.d.s.w.r.o.CachingOperationNameGenerator - Generating unique operation named: registerUsingPOST_1
2020-09-23 13:32:32 [main] INFO  s.d.s.w.r.o.CachingOperationNameGenerator - Generating unique operation named: deleteUsingDELETE_2
2020-09-23 13:32:32 [main] INFO  s.d.s.w.r.o.CachingOperationNameGenerator - Generating unique operation named: listUsingGET_3
2020-09-23 13:32:32 [main] INFO  s.d.s.w.r.o.CachingOperationNameGenerator - Generating unique operation named: registerUsingPOST_2
2020-09-23 13:32:32 [main] INFO  s.d.s.w.r.o.CachingOperationNameGenerator - Generating unique operation named: deleteUsingDELETE_3
2020-09-23 13:32:32 [main] INFO  s.d.s.w.r.o.CachingOperationNameGenerator - Generating unique operation named: getUsingGET_1
2020-09-23 13:32:32 [main] INFO  s.d.s.w.r.o.CachingOperationNameGenerator - Generating unique operation named: listUsingGET_4
2020-09-23 13:32:32 [main] INFO  s.d.s.w.r.o.CachingOperationNameGenerator - Generating unique operation named: updateUsingPUT_1
2020-09-23 13:32:32 [main] INFO  s.d.s.w.r.o.CachingOperationNameGenerator - Generating unique operation named: getUsingGET_2
2020-09-23 13:32:32 [main] INFO  s.d.s.w.r.o.CachingOperationNameGenerator - Generating unique operation named: getByUserUsingGET_1
2020-09-23 13:32:32 [main] INFO  s.d.s.w.r.o.CachingOperationNameGenerator - Generating unique operation named: registerUsingPOST_3
2020-09-23 13:32:32 [main] INFO  o.s.b.w.e.tomcat.TomcatWebServer - Tomcat started on port(s): 8080 (http) with context path ''
2020-09-23 13:32:32 [main] INFO  com.ecommerce.Application - Started Application in 4.298 seconds (JVM running for 4.684)
2020-09-23 13:32:42 [http-nio-8080-exec-1] INFO  o.a.c.c.C.[Tomcat].[localhost].[/] - Initializing Spring DispatcherServlet 'dispatcherServlet'
2020-09-23 13:32:42 [http-nio-8080-exec-1] INFO  com.zaxxer.hikari.HikariDataSource - HikariPool-1 - Starting...
2020-09-23 13:32:43 [http-nio-8080-exec-1] INFO  com.zaxxer.hikari.HikariDataSource - HikariPool-1 - Start completed.
2020-09-23 13:33:43 [main] INFO  com.ecommerce.Application - Starting Application on DESKTOP-KVCQHCD with PID 12160 (C:\SSAFY\BlockChain_SubPJT3\s03p23a103\backend\target\classes started by multicampus in C:\SSAFY\BlockChain_SubPJT3\s03p23a103)
2020-09-23 13:33:43 [main] DEBUG com.ecommerce.Application - Running with Spring Boot v2.1.4.RELEASE, Spring v5.1.6.RELEASE
2020-09-23 13:33:43 [main] INFO  com.ecommerce.Application - No active profile set, falling back to default profiles: default
2020-09-23 13:33:44 [main] INFO  o.s.c.s.PostProcessorRegistrationDelegate$BeanPostProcessorChecker - Bean 'org.springframework.transaction.annotation.ProxyTransactionManagementConfiguration' of type [org.springframework.transaction.annotation.ProxyTransactionManagementConfiguration$$EnhancerBySpringCGLIB$$cc994df4] is not eligible for getting processed by all BeanPostProcessors (for example: not eligible for auto-proxying)
2020-09-23 13:33:44 [main] INFO  o.s.b.w.e.tomcat.TomcatWebServer - Tomcat initialized with port(s): 8080 (http)
2020-09-23 13:33:44 [main] INFO  o.a.catalina.core.StandardService - Starting service [Tomcat]
2020-09-23 13:33:44 [main] INFO  o.a.catalina.core.StandardEngine - Starting Servlet engine: [Apache Tomcat/9.0.17]
2020-09-23 13:33:45 [main] INFO  o.a.c.c.C.[Tomcat].[localhost].[/] - Initializing Spring embedded WebApplicationContext
2020-09-23 13:33:46 [main] INFO  s.d.s.w.PropertySourcedRequestMappingHandlerMapping - Mapped URL path [/v2/api-docs] onto method [public org.springframework.http.ResponseEntity<springfox.documentation.spring.web.json.Json> springfox.documentation.swagger2.web.Swagger2Controller.getDocumentation(java.lang.String,javax.servlet.http.HttpServletRequest)]
2020-09-23 13:33:46 [main] INFO  o.s.s.c.ThreadPoolTaskExecutor - Initializing ExecutorService 'applicationTaskExecutor'
2020-09-23 13:33:46 [main] INFO  s.d.s.w.p.DocumentationPluginsBootstrapper - Context refreshed
2020-09-23 13:33:46 [main] INFO  s.d.s.w.p.DocumentationPluginsBootstrapper - Found 1 custom documentation plugin(s)
2020-09-23 13:33:46 [main] INFO  s.d.s.w.s.ApiListingReferenceScanner - Scanning for api listing references
2020-09-23 13:33:46 [main] INFO  s.d.s.w.r.o.CachingOperationNameGenerator - Generating unique operation named: listUsingGET_1
2020-09-23 13:33:46 [main] INFO  s.d.s.w.r.o.CachingOperationNameGenerator - Generating unique operation named: deleteUsingDELETE_1
2020-09-23 13:33:46 [main] INFO  s.d.s.w.r.o.CachingOperationNameGenerator - Generating unique operation named: listUsingGET_2
2020-09-23 13:33:46 [main] INFO  s.d.s.w.r.o.CachingOperationNameGenerator - Generating unique operation named: registerUsingPOST_1
2020-09-23 13:33:46 [main] INFO  s.d.s.w.r.o.CachingOperationNameGenerator - Generating unique operation named: deleteUsingDELETE_2
2020-09-23 13:33:46 [main] INFO  s.d.s.w.r.o.CachingOperationNameGenerator - Generating unique operation named: listUsingGET_3
2020-09-23 13:33:46 [main] INFO  s.d.s.w.r.o.CachingOperationNameGenerator - Generating unique operation named: registerUsingPOST_2
2020-09-23 13:33:46 [main] INFO  s.d.s.w.r.o.CachingOperationNameGenerator - Generating unique operation named: deleteUsingDELETE_3
2020-09-23 13:33:46 [main] INFO  s.d.s.w.r.o.CachingOperationNameGenerator - Generating unique operation named: getUsingGET_1
2020-09-23 13:33:46 [main] INFO  s.d.s.w.r.o.CachingOperationNameGenerator - Generating unique operation named: listUsingGET_4
2020-09-23 13:33:46 [main] INFO  s.d.s.w.r.o.CachingOperationNameGenerator - Generating unique operation named: updateUsingPUT_1
2020-09-23 13:33:46 [main] INFO  s.d.s.w.r.o.CachingOperationNameGenerator - Generating unique operation named: getUsingGET_2
2020-09-23 13:33:46 [main] INFO  s.d.s.w.r.o.CachingOperationNameGenerator - Generating unique operation named: getByUserUsingGET_1
2020-09-23 13:33:46 [main] INFO  s.d.s.w.r.o.CachingOperationNameGenerator - Generating unique operation named: registerUsingPOST_3
2020-09-23 13:33:46 [main] INFO  o.s.b.w.e.tomcat.TomcatWebServer - Tomcat started on port(s): 8080 (http) with context path ''
2020-09-23 13:33:46 [main] INFO  com.ecommerce.Application - Started Application in 4.308 seconds (JVM running for 4.973)
2020-09-23 13:34:04 [http-nio-8080-exec-1] INFO  o.a.c.c.C.[Tomcat].[localhost].[/] - Initializing Spring DispatcherServlet 'dispatcherServlet'
2020-09-23 13:34:04 [http-nio-8080-exec-1] INFO  com.zaxxer.hikari.HikariDataSource - HikariPool-1 - Starting...
2020-09-23 13:34:04 [http-nio-8080-exec-1] INFO  com.zaxxer.hikari.HikariDataSource - HikariPool-1 - Start completed.
2020-09-23 13:36:58 [main] INFO  com.ecommerce.Application - Starting Application on DESKTOP-KVCQHCD with PID 17468 (C:\SSAFY\BlockChain_SubPJT3\s03p23a103\backend\target\classes started by multicampus in C:\SSAFY\BlockChain_SubPJT3\s03p23a103)
2020-09-23 13:36:58 [main] DEBUG com.ecommerce.Application - Running with Spring Boot v2.1.4.RELEASE, Spring v5.1.6.RELEASE
2020-09-23 13:36:58 [main] INFO  com.ecommerce.Application - No active profile set, falling back to default profiles: default
2020-09-23 13:37:00 [main] INFO  o.s.c.s.PostProcessorRegistrationDelegate$BeanPostProcessorChecker - Bean 'org.springframework.transaction.annotation.ProxyTransactionManagementConfiguration' of type [org.springframework.transaction.annotation.ProxyTransactionManagementConfiguration$$EnhancerBySpringCGLIB$$39160f7b] is not eligible for getting processed by all BeanPostProcessors (for example: not eligible for auto-proxying)
2020-09-23 13:37:00 [main] INFO  o.s.b.w.e.tomcat.TomcatWebServer - Tomcat initialized with port(s): 8080 (http)
2020-09-23 13:37:00 [main] INFO  o.a.catalina.core.StandardService - Starting service [Tomcat]
2020-09-23 13:37:00 [main] INFO  o.a.catalina.core.StandardEngine - Starting Servlet engine: [Apache Tomcat/9.0.17]
2020-09-23 13:37:00 [main] INFO  o.a.c.c.C.[Tomcat].[localhost].[/] - Initializing Spring embedded WebApplicationContext
2020-09-23 13:37:01 [main] INFO  s.d.s.w.PropertySourcedRequestMappingHandlerMapping - Mapped URL path [/v2/api-docs] onto method [public org.springframework.http.ResponseEntity<springfox.documentation.spring.web.json.Json> springfox.documentation.swagger2.web.Swagger2Controller.getDocumentation(java.lang.String,javax.servlet.http.HttpServletRequest)]
2020-09-23 13:37:01 [main] INFO  o.s.s.c.ThreadPoolTaskExecutor - Initializing ExecutorService 'applicationTaskExecutor'
2020-09-23 13:37:01 [main] INFO  s.d.s.w.p.DocumentationPluginsBootstrapper - Context refreshed
2020-09-23 13:37:01 [main] INFO  s.d.s.w.p.DocumentationPluginsBootstrapper - Found 1 custom documentation plugin(s)
2020-09-23 13:37:01 [main] INFO  s.d.s.w.s.ApiListingReferenceScanner - Scanning for api listing references
2020-09-23 13:37:02 [main] INFO  s.d.s.w.r.o.CachingOperationNameGenerator - Generating unique operation named: listUsingGET_1
2020-09-23 13:37:02 [main] INFO  s.d.s.w.r.o.CachingOperationNameGenerator - Generating unique operation named: deleteUsingDELETE_1
2020-09-23 13:37:02 [main] INFO  s.d.s.w.r.o.CachingOperationNameGenerator - Generating unique operation named: listUsingGET_2
2020-09-23 13:37:02 [main] INFO  s.d.s.w.r.o.CachingOperationNameGenerator - Generating unique operation named: registerUsingPOST_1
2020-09-23 13:37:02 [main] INFO  s.d.s.w.r.o.CachingOperationNameGenerator - Generating unique operation named: deleteUsingDELETE_2
2020-09-23 13:37:02 [main] INFO  s.d.s.w.r.o.CachingOperationNameGenerator - Generating unique operation named: listUsingGET_3
2020-09-23 13:37:02 [main] INFO  s.d.s.w.r.o.CachingOperationNameGenerator - Generating unique operation named: registerUsingPOST_2
2020-09-23 13:37:02 [main] INFO  s.d.s.w.r.o.CachingOperationNameGenerator - Generating unique operation named: deleteUsingDELETE_3
2020-09-23 13:37:02 [main] INFO  s.d.s.w.r.o.CachingOperationNameGenerator - Generating unique operation named: getUsingGET_1
2020-09-23 13:37:02 [main] INFO  s.d.s.w.r.o.CachingOperationNameGenerator - Generating unique operation named: listUsingGET_4
2020-09-23 13:37:02 [main] INFO  s.d.s.w.r.o.CachingOperationNameGenerator - Generating unique operation named: updateUsingPUT_1
2020-09-23 13:37:02 [main] INFO  s.d.s.w.r.o.CachingOperationNameGenerator - Generating unique operation named: getUsingGET_2
2020-09-23 13:37:02 [main] INFO  s.d.s.w.r.o.CachingOperationNameGenerator - Generating unique operation named: getByUserUsingGET_1
2020-09-23 13:37:02 [main] INFO  s.d.s.w.r.o.CachingOperationNameGenerator - Generating unique operation named: registerUsingPOST_3
2020-09-23 13:37:02 [main] INFO  o.s.b.w.e.tomcat.TomcatWebServer - Tomcat started on port(s): 8080 (http) with context path ''
2020-09-23 13:37:02 [main] INFO  com.ecommerce.Application - Started Application in 3.814 seconds (JVM running for 4.176)
2020-09-23 13:37:43 [http-nio-8080-exec-1] INFO  o.a.c.c.C.[Tomcat].[localhost].[/] - Initializing Spring DispatcherServlet 'dispatcherServlet'
2020-09-23 13:37:44 [http-nio-8080-exec-1] INFO  com.zaxxer.hikari.HikariDataSource - HikariPool-1 - Starting...
2020-09-23 13:37:44 [http-nio-8080-exec-1] INFO  com.zaxxer.hikari.HikariDataSource - HikariPool-1 - Start completed.
2020-09-23 14:31:51 [Thread-5] INFO  o.s.s.c.ThreadPoolTaskExecutor - Shutting down ExecutorService 'applicationTaskExecutor'
2020-09-23 14:31:51 [Thread-5] INFO  com.zaxxer.hikari.HikariDataSource - HikariPool-1 - Shutdown initiated...
2020-09-23 14:31:51 [Thread-5] INFO  com.zaxxer.hikari.HikariDataSource - HikariPool-1 - Shutdown completed.
2020-09-23 16:22:39 [main] INFO  com.ecommerce.Application - Starting Application on DESKTOP-KVCQHCD with PID 16956 (C:\SSAFY\BlockChain_SubPJT3\s03p23a103\backend\target\classes started by multicampus in C:\SSAFY\BlockChain_SubPJT3\s03p23a103)
2020-09-23 16:22:39 [main] DEBUG com.ecommerce.Application - Running with Spring Boot v2.1.4.RELEASE, Spring v5.1.6.RELEASE
2020-09-23 16:22:39 [main] INFO  com.ecommerce.Application - No active profile set, falling back to default profiles: default
2020-09-23 16:22:41 [main] INFO  o.s.c.s.PostProcessorRegistrationDelegate$BeanPostProcessorChecker - Bean 'org.springframework.transaction.annotation.ProxyTransactionManagementConfiguration' of type [org.springframework.transaction.annotation.ProxyTransactionManagementConfiguration$$EnhancerBySpringCGLIB$$62fec314] is not eligible for getting processed by all BeanPostProcessors (for example: not eligible for auto-proxying)
2020-09-23 16:22:41 [main] INFO  o.s.b.w.e.tomcat.TomcatWebServer - Tomcat initialized with port(s): 8080 (http)
2020-09-23 16:22:41 [main] INFO  o.a.catalina.core.StandardService - Starting service [Tomcat]
2020-09-23 16:22:41 [main] INFO  o.a.catalina.core.StandardEngine - Starting Servlet engine: [Apache Tomcat/9.0.17]
2020-09-23 16:22:41 [main] INFO  o.a.c.c.C.[Tomcat].[localhost].[/] - Initializing Spring embedded WebApplicationContext
2020-09-23 16:22:42 [main] INFO  s.d.s.w.PropertySourcedRequestMappingHandlerMapping - Mapped URL path [/v2/api-docs] onto method [public org.springframework.http.ResponseEntity<springfox.documentation.spring.web.json.Json> springfox.documentation.swagger2.web.Swagger2Controller.getDocumentation(java.lang.String,javax.servlet.http.HttpServletRequest)]
2020-09-23 16:22:42 [main] INFO  o.s.s.c.ThreadPoolTaskExecutor - Initializing ExecutorService 'applicationTaskExecutor'
2020-09-23 16:22:43 [main] INFO  s.d.s.w.p.DocumentationPluginsBootstrapper - Context refreshed
2020-09-23 16:22:43 [main] INFO  s.d.s.w.p.DocumentationPluginsBootstrapper - Found 1 custom documentation plugin(s)
2020-09-23 16:22:43 [main] INFO  s.d.s.w.s.ApiListingReferenceScanner - Scanning for api listing references
2020-09-23 16:22:43 [main] INFO  s.d.s.w.r.o.CachingOperationNameGenerator - Generating unique operation named: listUsingGET_1
2020-09-23 16:22:43 [main] INFO  s.d.s.w.r.o.CachingOperationNameGenerator - Generating unique operation named: deleteUsingDELETE_1
2020-09-23 16:22:43 [main] INFO  s.d.s.w.r.o.CachingOperationNameGenerator - Generating unique operation named: listUsingGET_2
2020-09-23 16:22:43 [main] INFO  s.d.s.w.r.o.CachingOperationNameGenerator - Generating unique operation named: registerUsingPOST_1
2020-09-23 16:22:43 [main] INFO  s.d.s.w.r.o.CachingOperationNameGenerator - Generating unique operation named: deleteUsingDELETE_2
2020-09-23 16:22:43 [main] INFO  s.d.s.w.r.o.CachingOperationNameGenerator - Generating unique operation named: listUsingGET_3
2020-09-23 16:22:43 [main] INFO  s.d.s.w.r.o.CachingOperationNameGenerator - Generating unique operation named: registerUsingPOST_2
2020-09-23 16:22:43 [main] INFO  s.d.s.w.r.o.CachingOperationNameGenerator - Generating unique operation named: deleteUsingDELETE_3
2020-09-23 16:22:43 [main] INFO  s.d.s.w.r.o.CachingOperationNameGenerator - Generating unique operation named: getUsingGET_1
2020-09-23 16:22:43 [main] INFO  s.d.s.w.r.o.CachingOperationNameGenerator - Generating unique operation named: listUsingGET_4
2020-09-23 16:22:43 [main] INFO  s.d.s.w.r.o.CachingOperationNameGenerator - Generating unique operation named: updateUsingPUT_1
2020-09-23 16:22:43 [main] INFO  s.d.s.w.r.o.CachingOperationNameGenerator - Generating unique operation named: getUsingGET_2
2020-09-23 16:22:43 [main] INFO  s.d.s.w.r.o.CachingOperationNameGenerator - Generating unique operation named: getByUserUsingGET_1
2020-09-23 16:22:43 [main] INFO  s.d.s.w.r.o.CachingOperationNameGenerator - Generating unique operation named: registerUsingPOST_3
2020-09-23 16:22:43 [main] INFO  o.s.b.w.e.tomcat.TomcatWebServer - Tomcat started on port(s): 8080 (http) with context path ''
2020-09-23 16:22:43 [main] INFO  com.ecommerce.Application - Started Application in 4.433 seconds (JVM running for 5.257)
2020-09-23 16:23:16 [http-nio-8080-exec-1] INFO  o.a.c.c.C.[Tomcat].[localhost].[/] - Initializing Spring DispatcherServlet 'dispatcherServlet'
2020-09-23 16:25:23 [main] INFO  com.ecommerce.Application - Starting Application on DESKTOP-KVCQHCD with PID 16000 (C:\SSAFY\BlockChain_SubPJT3\s03p23a103\backend\target\classes started by multicampus in C:\SSAFY\BlockChain_SubPJT3\s03p23a103)
2020-09-23 16:25:23 [main] DEBUG com.ecommerce.Application - Running with Spring Boot v2.1.4.RELEASE, Spring v5.1.6.RELEASE
2020-09-23 16:25:23 [main] INFO  com.ecommerce.Application - No active profile set, falling back to default profiles: default
2020-09-23 16:25:24 [main] INFO  o.s.c.s.PostProcessorRegistrationDelegate$BeanPostProcessorChecker - Bean 'org.springframework.transaction.annotation.ProxyTransactionManagementConfiguration' of type [org.springframework.transaction.annotation.ProxyTransactionManagementConfiguration$$EnhancerBySpringCGLIB$$eb2c40ff] is not eligible for getting processed by all BeanPostProcessors (for example: not eligible for auto-proxying)
2020-09-23 16:25:25 [main] INFO  o.s.b.w.e.tomcat.TomcatWebServer - Tomcat initialized with port(s): 8080 (http)
2020-09-23 16:25:25 [main] INFO  o.a.catalina.core.StandardService - Starting service [Tomcat]
2020-09-23 16:25:25 [main] INFO  o.a.catalina.core.StandardEngine - Starting Servlet engine: [Apache Tomcat/9.0.17]
2020-09-23 16:25:25 [main] INFO  o.a.c.c.C.[Tomcat].[localhost].[/] - Initializing Spring embedded WebApplicationContext
2020-09-23 16:25:26 [main] INFO  s.d.s.w.PropertySourcedRequestMappingHandlerMapping - Mapped URL path [/v2/api-docs] onto method [public org.springframework.http.ResponseEntity<springfox.documentation.spring.web.json.Json> springfox.documentation.swagger2.web.Swagger2Controller.getDocumentation(java.lang.String,javax.servlet.http.HttpServletRequest)]
2020-09-23 16:25:26 [main] INFO  o.s.s.c.ThreadPoolTaskExecutor - Initializing ExecutorService 'applicationTaskExecutor'
2020-09-23 16:25:26 [main] INFO  s.d.s.w.p.DocumentationPluginsBootstrapper - Context refreshed
2020-09-23 16:25:26 [main] INFO  s.d.s.w.p.DocumentationPluginsBootstrapper - Found 1 custom documentation plugin(s)
2020-09-23 16:25:26 [main] INFO  s.d.s.w.s.ApiListingReferenceScanner - Scanning for api listing references
2020-09-23 16:25:26 [main] INFO  s.d.s.w.r.o.CachingOperationNameGenerator - Generating unique operation named: listUsingGET_1
2020-09-23 16:25:27 [main] INFO  s.d.s.w.r.o.CachingOperationNameGenerator - Generating unique operation named: deleteUsingDELETE_1
2020-09-23 16:25:27 [main] INFO  s.d.s.w.r.o.CachingOperationNameGenerator - Generating unique operation named: listUsingGET_2
2020-09-23 16:25:27 [main] INFO  s.d.s.w.r.o.CachingOperationNameGenerator - Generating unique operation named: registerUsingPOST_1
2020-09-23 16:25:27 [main] INFO  s.d.s.w.r.o.CachingOperationNameGenerator - Generating unique operation named: deleteUsingDELETE_2
2020-09-23 16:25:27 [main] INFO  s.d.s.w.r.o.CachingOperationNameGenerator - Generating unique operation named: listUsingGET_3
2020-09-23 16:25:27 [main] INFO  s.d.s.w.r.o.CachingOperationNameGenerator - Generating unique operation named: registerUsingPOST_2
2020-09-23 16:25:27 [main] INFO  s.d.s.w.r.o.CachingOperationNameGenerator - Generating unique operation named: deleteUsingDELETE_3
2020-09-23 16:25:27 [main] INFO  s.d.s.w.r.o.CachingOperationNameGenerator - Generating unique operation named: getUsingGET_1
2020-09-23 16:25:27 [main] INFO  s.d.s.w.r.o.CachingOperationNameGenerator - Generating unique operation named: listUsingGET_4
2020-09-23 16:25:27 [main] INFO  s.d.s.w.r.o.CachingOperationNameGenerator - Generating unique operation named: updateUsingPUT_1
2020-09-23 16:25:27 [main] INFO  s.d.s.w.r.o.CachingOperationNameGenerator - Generating unique operation named: getUsingGET_2
2020-09-23 16:25:27 [main] INFO  s.d.s.w.r.o.CachingOperationNameGenerator - Generating unique operation named: getByUserUsingGET_1
2020-09-23 16:25:27 [main] INFO  s.d.s.w.r.o.CachingOperationNameGenerator - Generating unique operation named: registerUsingPOST_3
2020-09-23 16:25:27 [main] INFO  o.s.b.w.e.tomcat.TomcatWebServer - Tomcat started on port(s): 8080 (http) with context path ''
2020-09-23 16:25:27 [main] INFO  com.ecommerce.Application - Started Application in 4.062 seconds (JVM running for 4.486)
2020-09-23 16:25:33 [http-nio-8080-exec-1] INFO  o.a.c.c.C.[Tomcat].[localhost].[/] - Initializing Spring DispatcherServlet 'dispatcherServlet'
2020-09-23 16:37:48 [main] INFO  com.ecommerce.Application - Starting Application on DESKTOP-KVCQHCD with PID 6732 (C:\SSAFY\BlockChain_SubPJT3\s03p23a103\backend\target\classes started by multicampus in C:\SSAFY\BlockChain_SubPJT3\s03p23a103)
2020-09-23 16:37:48 [main] DEBUG com.ecommerce.Application - Running with Spring Boot v2.1.4.RELEASE, Spring v5.1.6.RELEASE
2020-09-23 16:37:48 [main] INFO  com.ecommerce.Application - No active profile set, falling back to default profiles: default
2020-09-23 16:37:49 [main] INFO  o.s.c.s.PostProcessorRegistrationDelegate$BeanPostProcessorChecker - Bean 'org.springframework.transaction.annotation.ProxyTransactionManagementConfiguration' of type [org.springframework.transaction.annotation.ProxyTransactionManagementConfiguration$$EnhancerBySpringCGLIB$$3dbe0e8c] is not eligible for getting processed by all BeanPostProcessors (for example: not eligible for auto-proxying)
2020-09-23 16:37:50 [main] INFO  o.s.b.w.e.tomcat.TomcatWebServer - Tomcat initialized with port(s): 8080 (http)
2020-09-23 16:37:50 [main] INFO  o.a.catalina.core.StandardService - Starting service [Tomcat]
2020-09-23 16:37:50 [main] INFO  o.a.catalina.core.StandardEngine - Starting Servlet engine: [Apache Tomcat/9.0.17]
2020-09-23 16:37:50 [main] INFO  o.a.c.c.C.[Tomcat].[localhost].[/] - Initializing Spring embedded WebApplicationContext
2020-09-23 16:37:51 [main] INFO  s.d.s.w.PropertySourcedRequestMappingHandlerMapping - Mapped URL path [/v2/api-docs] onto method [public org.springframework.http.ResponseEntity<springfox.documentation.spring.web.json.Json> springfox.documentation.swagger2.web.Swagger2Controller.getDocumentation(java.lang.String,javax.servlet.http.HttpServletRequest)]
2020-09-23 16:37:51 [main] INFO  o.s.s.c.ThreadPoolTaskExecutor - Initializing ExecutorService 'applicationTaskExecutor'
2020-09-23 16:37:51 [main] INFO  s.d.s.w.p.DocumentationPluginsBootstrapper - Context refreshed
2020-09-23 16:37:51 [main] INFO  s.d.s.w.p.DocumentationPluginsBootstrapper - Found 1 custom documentation plugin(s)
2020-09-23 16:37:51 [main] INFO  s.d.s.w.s.ApiListingReferenceScanner - Scanning for api listing references
2020-09-23 16:37:51 [main] INFO  s.d.s.w.r.o.CachingOperationNameGenerator - Generating unique operation named: listUsingGET_1
2020-09-23 16:37:51 [main] INFO  s.d.s.w.r.o.CachingOperationNameGenerator - Generating unique operation named: deleteUsingDELETE_1
2020-09-23 16:37:52 [main] INFO  s.d.s.w.r.o.CachingOperationNameGenerator - Generating unique operation named: listUsingGET_2
2020-09-23 16:37:52 [main] INFO  s.d.s.w.r.o.CachingOperationNameGenerator - Generating unique operation named: registerUsingPOST_1
2020-09-23 16:37:52 [main] INFO  s.d.s.w.r.o.CachingOperationNameGenerator - Generating unique operation named: deleteUsingDELETE_2
2020-09-23 16:37:52 [main] INFO  s.d.s.w.r.o.CachingOperationNameGenerator - Generating unique operation named: listUsingGET_3
2020-09-23 16:37:52 [main] INFO  s.d.s.w.r.o.CachingOperationNameGenerator - Generating unique operation named: registerUsingPOST_2
2020-09-23 16:37:52 [main] INFO  s.d.s.w.r.o.CachingOperationNameGenerator - Generating unique operation named: deleteUsingDELETE_3
2020-09-23 16:37:52 [main] INFO  s.d.s.w.r.o.CachingOperationNameGenerator - Generating unique operation named: getUsingGET_1
2020-09-23 16:37:52 [main] INFO  s.d.s.w.r.o.CachingOperationNameGenerator - Generating unique operation named: listUsingGET_4
2020-09-23 16:37:52 [main] INFO  s.d.s.w.r.o.CachingOperationNameGenerator - Generating unique operation named: updateUsingPUT_1
2020-09-23 16:37:52 [main] INFO  s.d.s.w.r.o.CachingOperationNameGenerator - Generating unique operation named: getUsingGET_2
2020-09-23 16:37:52 [main] INFO  s.d.s.w.r.o.CachingOperationNameGenerator - Generating unique operation named: getByUserUsingGET_1
2020-09-23 16:37:52 [main] INFO  s.d.s.w.r.o.CachingOperationNameGenerator - Generating unique operation named: registerUsingPOST_3
2020-09-23 16:37:52 [main] INFO  o.s.b.w.e.tomcat.TomcatWebServer - Tomcat started on port(s): 8080 (http) with context path ''
2020-09-23 16:37:52 [main] INFO  com.ecommerce.Application - Started Application in 3.715 seconds (JVM running for 4.059)
2020-09-23 16:38:01 [http-nio-8080-exec-1] INFO  o.a.c.c.C.[Tomcat].[localhost].[/] - Initializing Spring DispatcherServlet 'dispatcherServlet'
2020-09-23 16:45:02 [main] INFO  com.ecommerce.Application - Starting Application on DESKTOP-KVCQHCD with PID 17680 (C:\SSAFY\BlockChain_SubPJT3\s03p23a103\backend\target\classes started by multicampus in C:\SSAFY\BlockChain_SubPJT3\s03p23a103)
2020-09-23 16:45:03 [main] DEBUG com.ecommerce.Application - Running with Spring Boot v2.1.4.RELEASE, Spring v5.1.6.RELEASE
2020-09-23 16:45:03 [main] INFO  com.ecommerce.Application - No active profile set, falling back to default profiles: default
2020-09-23 16:45:04 [main] INFO  o.s.c.s.PostProcessorRegistrationDelegate$BeanPostProcessorChecker - Bean 'org.springframework.transaction.annotation.ProxyTransactionManagementConfiguration' of type [org.springframework.transaction.annotation.ProxyTransactionManagementConfiguration$$EnhancerBySpringCGLIB$$ec6ebc43] is not eligible for getting processed by all BeanPostProcessors (for example: not eligible for auto-proxying)
2020-09-23 16:45:04 [main] INFO  o.s.b.w.e.tomcat.TomcatWebServer - Tomcat initialized with port(s): 8080 (http)
2020-09-23 16:45:04 [main] INFO  o.a.catalina.core.StandardService - Starting service [Tomcat]
2020-09-23 16:45:04 [main] INFO  o.a.catalina.core.StandardEngine - Starting Servlet engine: [Apache Tomcat/9.0.17]
2020-09-23 16:45:04 [main] INFO  o.a.c.c.C.[Tomcat].[localhost].[/] - Initializing Spring embedded WebApplicationContext
2020-09-23 16:45:05 [main] INFO  s.d.s.w.PropertySourcedRequestMappingHandlerMapping - Mapped URL path [/v2/api-docs] onto method [public org.springframework.http.ResponseEntity<springfox.documentation.spring.web.json.Json> springfox.documentation.swagger2.web.Swagger2Controller.getDocumentation(java.lang.String,javax.servlet.http.HttpServletRequest)]
2020-09-23 16:45:05 [main] INFO  o.s.s.c.ThreadPoolTaskExecutor - Initializing ExecutorService 'applicationTaskExecutor'
2020-09-23 16:45:05 [main] INFO  s.d.s.w.p.DocumentationPluginsBootstrapper - Context refreshed
2020-09-23 16:45:05 [main] INFO  s.d.s.w.p.DocumentationPluginsBootstrapper - Found 1 custom documentation plugin(s)
2020-09-23 16:45:05 [main] INFO  s.d.s.w.s.ApiListingReferenceScanner - Scanning for api listing references
2020-09-23 16:45:05 [main] INFO  s.d.s.w.r.o.CachingOperationNameGenerator - Generating unique operation named: listUsingGET_1
2020-09-23 16:45:06 [main] INFO  s.d.s.w.r.o.CachingOperationNameGenerator - Generating unique operation named: deleteUsingDELETE_1
2020-09-23 16:45:06 [main] INFO  s.d.s.w.r.o.CachingOperationNameGenerator - Generating unique operation named: listUsingGET_2
2020-09-23 16:45:06 [main] INFO  s.d.s.w.r.o.CachingOperationNameGenerator - Generating unique operation named: registerUsingPOST_1
2020-09-23 16:45:06 [main] INFO  s.d.s.w.r.o.CachingOperationNameGenerator - Generating unique operation named: deleteUsingDELETE_2
2020-09-23 16:45:06 [main] INFO  s.d.s.w.r.o.CachingOperationNameGenerator - Generating unique operation named: listUsingGET_3
2020-09-23 16:45:06 [main] INFO  s.d.s.w.r.o.CachingOperationNameGenerator - Generating unique operation named: registerUsingPOST_2
2020-09-23 16:45:06 [main] INFO  s.d.s.w.r.o.CachingOperationNameGenerator - Generating unique operation named: deleteUsingDELETE_3
2020-09-23 16:45:06 [main] INFO  s.d.s.w.r.o.CachingOperationNameGenerator - Generating unique operation named: getUsingGET_1
2020-09-23 16:45:06 [main] INFO  s.d.s.w.r.o.CachingOperationNameGenerator - Generating unique operation named: listUsingGET_4
2020-09-23 16:45:06 [main] INFO  s.d.s.w.r.o.CachingOperationNameGenerator - Generating unique operation named: updateUsingPUT_1
2020-09-23 16:45:06 [main] INFO  s.d.s.w.r.o.CachingOperationNameGenerator - Generating unique operation named: getUsingGET_2
2020-09-23 16:45:06 [main] INFO  s.d.s.w.r.o.CachingOperationNameGenerator - Generating unique operation named: getByUserUsingGET_1
2020-09-23 16:45:06 [main] INFO  s.d.s.w.r.o.CachingOperationNameGenerator - Generating unique operation named: registerUsingPOST_3
2020-09-23 16:45:06 [main] INFO  o.s.b.w.e.tomcat.TomcatWebServer - Tomcat started on port(s): 8080 (http) with context path ''
2020-09-23 16:45:06 [main] INFO  com.ecommerce.Application - Started Application in 3.471 seconds (JVM running for 3.792)
2020-09-23 16:45:31 [http-nio-8080-exec-1] INFO  o.a.c.c.C.[Tomcat].[localhost].[/] - Initializing Spring DispatcherServlet 'dispatcherServlet'
2020-09-23 16:45:31 [http-nio-8080-exec-1] INFO  com.ecommerce.api.ItemController - { id: 0
	name: string
	explanation: string
	available: true
	seller: 0
	registeredAt: 2020-09-23T07:38:05.741
	image: 0
	price: 0
	directDeal: true
	dealRegion: string }
2020-09-23 16:45:31 [http-nio-8080-exec-1] INFO  com.zaxxer.hikari.HikariDataSource - HikariPool-1 - Starting...
2020-09-23 16:45:31 [http-nio-8080-exec-1] INFO  com.zaxxer.hikari.HikariDataSource - HikariPool-1 - Start completed.
2020-09-23 16:45:31 [http-nio-8080-exec-1] DEBUG c.e.i.repository.ItemRepository - { id: 0
	name: string
	explanation: string
	available: true
	seller: 0
	registeredAt: 2020-09-23T07:38:05.741
	image: 0
	price: 0
	directDeal: true
	dealRegion: string }
2020-09-23 16:45:31 [http-nio-8080-exec-1] DEBUG c.e.i.repository.ItemRepository - registered_at: 2020-09-23T16:45:31.962937300
2020-09-23 16:46:11 [http-nio-8080-exec-3] INFO  com.ecommerce.api.ItemController - { id: 0
	name: string
	explanation: string
	available: true
	seller: 1
	registeredAt: 2020-09-23T07:38:05.741
	image: 0
	price: 0
	directDeal: true
	dealRegion: string }
2020-09-23 16:46:11 [http-nio-8080-exec-3] DEBUG c.e.i.repository.ItemRepository - { id: 0
	name: string
	explanation: string
	available: true
	seller: 1
	registeredAt: 2020-09-23T07:38:05.741
	image: 0
	price: 0
	directDeal: true
	dealRegion: string }
2020-09-23 16:46:11 [http-nio-8080-exec-3] DEBUG c.e.i.repository.ItemRepository - registered_at: 2020-09-23T16:46:11.807790
2020-09-23 16:46:11 [http-nio-8080-exec-3] DEBUG c.e.i.repository.ItemRepository - INSERTED: 6
2020-09-23 16:53:22 [http-nio-8080-exec-6] INFO  com.ecommerce.api.ItemController - { id: 0
	name: string
	explanation: string
	available: true
	seller: 1
	registeredAt: 2020-09-23T07:38:05.741
	image: 0
	price: 0
	directDeal: true
	dealRegion: string }
2020-09-23 16:53:22 [http-nio-8080-exec-6] DEBUG c.e.i.repository.ItemRepository - { id: 0
	name: string
	explanation: string
	available: true
	seller: 1
	registeredAt: 2020-09-23T07:38:05.741
	image: 0
	price: 0
	directDeal: true
	dealRegion: string }
2020-09-23 16:53:22 [http-nio-8080-exec-6] DEBUG c.e.i.repository.ItemRepository - registered_at: 2020-09-23T16:53:22.957334800
2020-09-23 16:53:23 [http-nio-8080-exec-6] DEBUG c.e.i.repository.ItemRepository - INSERTED: 7
2020-09-23 16:57:11 [http-nio-8080-exec-8] INFO  com.ecommerce.api.ItemController - { id: 0
	name: string
	explanation: string
	available: true
	seller: 1
	registeredAt: 2020-09-23T07:38:05.741
	image: 0
	price: 956000
	directDeal: true
	dealRegion: string }
2020-09-23 16:57:11 [http-nio-8080-exec-8] DEBUG c.e.i.repository.ItemRepository - { id: 0
	name: string
	explanation: string
	available: true
	seller: 1
	registeredAt: 2020-09-23T07:38:05.741
	image: 0
	price: 956000
	directDeal: true
	dealRegion: string }
2020-09-23 16:57:11 [http-nio-8080-exec-8] DEBUG c.e.i.repository.ItemRepository - registered_at: 2020-09-23T16:57:11.055938600
2020-09-23 16:57:11 [http-nio-8080-exec-8] DEBUG c.e.i.repository.ItemRepository - INSERTED: 8
2020-09-23 17:59:17 [main] INFO  com.ecommerce.Application - Starting Application on DESKTOP-KVCQHCD with PID 15184 (C:\SSAFY\BlockChain_SubPJT3\s03p23a103\backend\target\classes started by multicampus in C:\SSAFY\BlockChain_SubPJT3\s03p23a103)
2020-09-23 17:59:17 [main] DEBUG com.ecommerce.Application - Running with Spring Boot v2.1.4.RELEASE, Spring v5.1.6.RELEASE
2020-09-23 17:59:17 [main] INFO  com.ecommerce.Application - No active profile set, falling back to default profiles: default
2020-09-23 17:59:18 [main] INFO  o.s.c.s.PostProcessorRegistrationDelegate$BeanPostProcessorChecker - Bean 'org.springframework.transaction.annotation.ProxyTransactionManagementConfiguration' of type [org.springframework.transaction.annotation.ProxyTransactionManagementConfiguration$$EnhancerBySpringCGLIB$$5a88b5ef] is not eligible for getting processed by all BeanPostProcessors (for example: not eligible for auto-proxying)
2020-09-23 17:59:18 [main] INFO  o.s.b.w.e.tomcat.TomcatWebServer - Tomcat initialized with port(s): 8080 (http)
2020-09-23 17:59:18 [main] INFO  o.a.catalina.core.StandardService - Starting service [Tomcat]
2020-09-23 17:59:18 [main] INFO  o.a.catalina.core.StandardEngine - Starting Servlet engine: [Apache Tomcat/9.0.17]
2020-09-23 17:59:18 [main] INFO  o.a.c.c.C.[Tomcat].[localhost].[/] - Initializing Spring embedded WebApplicationContext
2020-09-23 17:59:19 [main] INFO  s.d.s.w.PropertySourcedRequestMappingHandlerMapping - Mapped URL path [/v2/api-docs] onto method [public org.springframework.http.ResponseEntity<springfox.documentation.spring.web.json.Json> springfox.documentation.swagger2.web.Swagger2Controller.getDocumentation(java.lang.String,javax.servlet.http.HttpServletRequest)]
2020-09-23 17:59:19 [main] INFO  o.s.s.c.ThreadPoolTaskExecutor - Initializing ExecutorService 'applicationTaskExecutor'
2020-09-23 17:59:20 [main] INFO  s.d.s.w.p.DocumentationPluginsBootstrapper - Context refreshed
2020-09-23 17:59:20 [main] INFO  s.d.s.w.p.DocumentationPluginsBootstrapper - Found 1 custom documentation plugin(s)
2020-09-23 17:59:20 [main] INFO  s.d.s.w.s.ApiListingReferenceScanner - Scanning for api listing references
2020-09-23 17:59:20 [main] INFO  s.d.s.w.r.o.CachingOperationNameGenerator - Generating unique operation named: listUsingGET_1
2020-09-23 17:59:20 [main] INFO  s.d.s.w.r.o.CachingOperationNameGenerator - Generating unique operation named: deleteUsingDELETE_1
2020-09-23 17:59:20 [main] INFO  s.d.s.w.r.o.CachingOperationNameGenerator - Generating unique operation named: listUsingGET_2
2020-09-23 17:59:20 [main] INFO  s.d.s.w.r.o.CachingOperationNameGenerator - Generating unique operation named: registerUsingPOST_1
2020-09-23 17:59:20 [main] INFO  s.d.s.w.r.o.CachingOperationNameGenerator - Generating unique operation named: deleteUsingDELETE_2
2020-09-23 17:59:20 [main] INFO  s.d.s.w.r.o.CachingOperationNameGenerator - Generating unique operation named: listUsingGET_3
2020-09-23 17:59:20 [main] INFO  s.d.s.w.r.o.CachingOperationNameGenerator - Generating unique operation named: registerUsingPOST_2
2020-09-23 17:59:20 [main] INFO  s.d.s.w.r.o.CachingOperationNameGenerator - Generating unique operation named: deleteUsingDELETE_3
2020-09-23 17:59:20 [main] INFO  s.d.s.w.r.o.CachingOperationNameGenerator - Generating unique operation named: getUsingGET_1
2020-09-23 17:59:20 [main] INFO  s.d.s.w.r.o.CachingOperationNameGenerator - Generating unique operation named: listUsingGET_4
2020-09-23 17:59:20 [main] INFO  s.d.s.w.r.o.CachingOperationNameGenerator - Generating unique operation named: updateUsingPUT_1
2020-09-23 17:59:20 [main] INFO  s.d.s.w.r.o.CachingOperationNameGenerator - Generating unique operation named: getUsingGET_2
2020-09-23 17:59:20 [main] INFO  s.d.s.w.r.o.CachingOperationNameGenerator - Generating unique operation named: getByUserUsingGET_1
2020-09-23 17:59:20 [main] INFO  s.d.s.w.r.o.CachingOperationNameGenerator - Generating unique operation named: registerUsingPOST_3
2020-09-23 17:59:20 [main] INFO  o.s.b.w.e.tomcat.TomcatWebServer - Tomcat started on port(s): 8080 (http) with context path ''
2020-09-23 17:59:20 [main] INFO  com.ecommerce.Application - Started Application in 3.662 seconds (JVM running for 3.993)
2020-09-23 17:59:49 [main] INFO  com.ecommerce.Application - Starting Application on DESKTOP-KVCQHCD with PID 16112 (C:\SSAFY\BlockChain_SubPJT3\s03p23a103\backend\target\classes started by multicampus in C:\SSAFY\BlockChain_SubPJT3\s03p23a103)
2020-09-23 17:59:49 [main] DEBUG com.ecommerce.Application - Running with Spring Boot v2.1.4.RELEASE, Spring v5.1.6.RELEASE
2020-09-23 17:59:49 [main] INFO  com.ecommerce.Application - No active profile set, falling back to default profiles: default
2020-09-23 17:59:50 [main] INFO  o.s.c.s.PostProcessorRegistrationDelegate$BeanPostProcessorChecker - Bean 'org.springframework.transaction.annotation.ProxyTransactionManagementConfiguration' of type [org.springframework.transaction.annotation.ProxyTransactionManagementConfiguration$$EnhancerBySpringCGLIB$$3c6ded45] is not eligible for getting processed by all BeanPostProcessors (for example: not eligible for auto-proxying)
2020-09-23 17:59:51 [main] INFO  o.s.b.w.e.tomcat.TomcatWebServer - Tomcat initialized with port(s): 8080 (http)
2020-09-23 17:59:51 [main] INFO  o.a.catalina.core.StandardService - Starting service [Tomcat]
2020-09-23 17:59:51 [main] INFO  o.a.catalina.core.StandardEngine - Starting Servlet engine: [Apache Tomcat/9.0.17]
2020-09-23 17:59:51 [main] INFO  o.a.c.c.C.[Tomcat].[localhost].[/] - Initializing Spring embedded WebApplicationContext
2020-09-23 17:59:52 [main] INFO  s.d.s.w.PropertySourcedRequestMappingHandlerMapping - Mapped URL path [/v2/api-docs] onto method [public org.springframework.http.ResponseEntity<springfox.documentation.spring.web.json.Json> springfox.documentation.swagger2.web.Swagger2Controller.getDocumentation(java.lang.String,javax.servlet.http.HttpServletRequest)]
2020-09-23 17:59:52 [main] INFO  o.s.s.c.ThreadPoolTaskExecutor - Initializing ExecutorService 'applicationTaskExecutor'
2020-09-23 17:59:52 [main] INFO  s.d.s.w.p.DocumentationPluginsBootstrapper - Context refreshed
2020-09-23 17:59:52 [main] INFO  s.d.s.w.p.DocumentationPluginsBootstrapper - Found 1 custom documentation plugin(s)
2020-09-23 17:59:52 [main] INFO  s.d.s.w.s.ApiListingReferenceScanner - Scanning for api listing references
2020-09-23 17:59:52 [main] INFO  s.d.s.w.r.o.CachingOperationNameGenerator - Generating unique operation named: listUsingGET_1
2020-09-23 17:59:52 [main] INFO  s.d.s.w.r.o.CachingOperationNameGenerator - Generating unique operation named: deleteUsingDELETE_1
2020-09-23 17:59:52 [main] INFO  s.d.s.w.r.o.CachingOperationNameGenerator - Generating unique operation named: listUsingGET_2
2020-09-23 17:59:52 [main] INFO  s.d.s.w.r.o.CachingOperationNameGenerator - Generating unique operation named: registerUsingPOST_1
2020-09-23 17:59:52 [main] INFO  s.d.s.w.r.o.CachingOperationNameGenerator - Generating unique operation named: deleteUsingDELETE_2
2020-09-23 17:59:52 [main] INFO  s.d.s.w.r.o.CachingOperationNameGenerator - Generating unique operation named: listUsingGET_3
2020-09-23 17:59:52 [main] INFO  s.d.s.w.r.o.CachingOperationNameGenerator - Generating unique operation named: registerUsingPOST_2
2020-09-23 17:59:52 [main] INFO  s.d.s.w.r.o.CachingOperationNameGenerator - Generating unique operation named: deleteUsingDELETE_3
2020-09-23 17:59:52 [main] INFO  s.d.s.w.r.o.CachingOperationNameGenerator - Generating unique operation named: getUsingGET_1
2020-09-23 17:59:52 [main] INFO  s.d.s.w.r.o.CachingOperationNameGenerator - Generating unique operation named: listUsingGET_4
2020-09-23 17:59:52 [main] INFO  s.d.s.w.r.o.CachingOperationNameGenerator - Generating unique operation named: updateUsingPUT_1
2020-09-23 17:59:52 [main] INFO  s.d.s.w.r.o.CachingOperationNameGenerator - Generating unique operation named: getUsingGET_2
2020-09-23 17:59:52 [main] INFO  s.d.s.w.r.o.CachingOperationNameGenerator - Generating unique operation named: getByUserUsingGET_1
2020-09-23 17:59:52 [main] INFO  s.d.s.w.r.o.CachingOperationNameGenerator - Generating unique operation named: registerUsingPOST_3
2020-09-23 17:59:52 [main] INFO  o.s.b.w.e.tomcat.TomcatWebServer - Tomcat started on port(s): 8080 (http) with context path ''
2020-09-23 17:59:52 [main] INFO  com.ecommerce.Application - Started Application in 3.695 seconds (JVM running for 4.023)
2020-09-23 18:00:03 [http-nio-8080-exec-1] INFO  o.a.c.c.C.[Tomcat].[localhost].[/] - Initializing Spring DispatcherServlet 'dispatcherServlet'
2020-09-23 18:00:28 [http-nio-8080-exec-9] INFO  com.zaxxer.hikari.HikariDataSource - HikariPool-1 - Starting...
2020-09-23 18:00:28 [http-nio-8080-exec-9] INFO  com.zaxxer.hikari.HikariDataSource - HikariPool-1 - Start completed.
2020-09-23 18:24:09 [main] INFO  com.ecommerce.Application - Starting Application on DESKTOP-KVCQHCD with PID 8836 (C:\SSAFY\BlockChain_SubPJT3\s03p23a103\backend\target\classes started by multicampus in C:\SSAFY\BlockChain_SubPJT3\s03p23a103)
2020-09-23 18:24:09 [main] DEBUG com.ecommerce.Application - Running with Spring Boot v2.1.4.RELEASE, Spring v5.1.6.RELEASE
2020-09-23 18:24:09 [main] INFO  com.ecommerce.Application - No active profile set, falling back to default profiles: default
2020-09-23 18:24:10 [main] INFO  o.s.c.s.PostProcessorRegistrationDelegate$BeanPostProcessorChecker - Bean 'org.springframework.transaction.annotation.ProxyTransactionManagementConfiguration' of type [org.springframework.transaction.annotation.ProxyTransactionManagementConfiguration$$EnhancerBySpringCGLIB$$b73bfcce] is not eligible for getting processed by all BeanPostProcessors (for example: not eligible for auto-proxying)
2020-09-23 18:24:10 [main] INFO  o.s.b.w.e.tomcat.TomcatWebServer - Tomcat initialized with port(s): 8080 (http)
2020-09-23 18:24:10 [main] INFO  o.a.catalina.core.StandardService - Starting service [Tomcat]
2020-09-23 18:24:10 [main] INFO  o.a.catalina.core.StandardEngine - Starting Servlet engine: [Apache Tomcat/9.0.17]
2020-09-23 18:24:11 [main] INFO  o.a.c.c.C.[Tomcat].[localhost].[/] - Initializing Spring embedded WebApplicationContext
2020-09-23 18:24:11 [main] INFO  s.d.s.w.PropertySourcedRequestMappingHandlerMapping - Mapped URL path [/v2/api-docs] onto method [public org.springframework.http.ResponseEntity<springfox.documentation.spring.web.json.Json> springfox.documentation.swagger2.web.Swagger2Controller.getDocumentation(java.lang.String,javax.servlet.http.HttpServletRequest)]
2020-09-23 18:24:12 [main] INFO  o.s.s.c.ThreadPoolTaskExecutor - Initializing ExecutorService 'applicationTaskExecutor'
2020-09-23 18:24:12 [main] INFO  s.d.s.w.p.DocumentationPluginsBootstrapper - Context refreshed
2020-09-23 18:24:12 [main] INFO  s.d.s.w.p.DocumentationPluginsBootstrapper - Found 1 custom documentation plugin(s)
2020-09-23 18:24:12 [main] INFO  s.d.s.w.s.ApiListingReferenceScanner - Scanning for api listing references
2020-09-23 18:24:12 [main] INFO  s.d.s.w.r.o.CachingOperationNameGenerator - Generating unique operation named: listUsingGET_1
2020-09-23 18:24:12 [main] INFO  s.d.s.w.r.o.CachingOperationNameGenerator - Generating unique operation named: deleteUsingDELETE_1
2020-09-23 18:24:12 [main] INFO  s.d.s.w.r.o.CachingOperationNameGenerator - Generating unique operation named: listUsingGET_2
2020-09-23 18:24:12 [main] INFO  s.d.s.w.r.o.CachingOperationNameGenerator - Generating unique operation named: registerUsingPOST_1
2020-09-23 18:24:12 [main] INFO  s.d.s.w.r.o.CachingOperationNameGenerator - Generating unique operation named: deleteUsingDELETE_2
2020-09-23 18:24:12 [main] INFO  s.d.s.w.r.o.CachingOperationNameGenerator - Generating unique operation named: listUsingGET_3
2020-09-23 18:24:12 [main] INFO  s.d.s.w.r.o.CachingOperationNameGenerator - Generating unique operation named: registerUsingPOST_2
2020-09-23 18:24:12 [main] INFO  s.d.s.w.r.o.CachingOperationNameGenerator - Generating unique operation named: deleteUsingDELETE_3
2020-09-23 18:24:12 [main] INFO  s.d.s.w.r.o.CachingOperationNameGenerator - Generating unique operation named: getUsingGET_1
2020-09-23 18:24:12 [main] INFO  s.d.s.w.r.o.CachingOperationNameGenerator - Generating unique operation named: listUsingGET_4
2020-09-23 18:24:12 [main] INFO  s.d.s.w.r.o.CachingOperationNameGenerator - Generating unique operation named: updateUsingPUT_1
2020-09-23 18:24:12 [main] INFO  s.d.s.w.r.o.CachingOperationNameGenerator - Generating unique operation named: getUsingGET_2
2020-09-23 18:24:12 [main] INFO  s.d.s.w.r.o.CachingOperationNameGenerator - Generating unique operation named: getByUserUsingGET_1
2020-09-23 18:24:12 [main] INFO  s.d.s.w.r.o.CachingOperationNameGenerator - Generating unique operation named: registerUsingPOST_3
2020-09-23 18:24:12 [main] INFO  o.s.b.w.e.tomcat.TomcatWebServer - Tomcat started on port(s): 8080 (http) with context path ''
2020-09-23 18:24:12 [main] INFO  com.ecommerce.Application - Started Application in 3.884 seconds (JVM running for 4.674)
2020-09-23 18:24:29 [http-nio-8080-exec-1] INFO  o.a.c.c.C.[Tomcat].[localhost].[/] - Initializing Spring DispatcherServlet 'dispatcherServlet'
2020-09-23 18:24:29 [http-nio-8080-exec-1] INFO  com.zaxxer.hikari.HikariDataSource - HikariPool-1 - Starting...
2020-09-23 18:24:30 [http-nio-8080-exec-1] INFO  com.zaxxer.hikari.HikariDataSource - HikariPool-1 - Start completed.
2020-09-23 18:28:02 [main] INFO  com.ecommerce.Application - Starting Application on DESKTOP-KVCQHCD with PID 18428 (C:\SSAFY\BlockChain_SubPJT3\s03p23a103\backend\target\classes started by multicampus in C:\SSAFY\BlockChain_SubPJT3\s03p23a103)
2020-09-23 18:28:02 [main] DEBUG com.ecommerce.Application - Running with Spring Boot v2.1.4.RELEASE, Spring v5.1.6.RELEASE
2020-09-23 18:28:02 [main] INFO  com.ecommerce.Application - No active profile set, falling back to default profiles: default
2020-09-23 18:28:03 [main] INFO  o.s.c.s.PostProcessorRegistrationDelegate$BeanPostProcessorChecker - Bean 'org.springframework.transaction.annotation.ProxyTransactionManagementConfiguration' of type [org.springframework.transaction.annotation.ProxyTransactionManagementConfiguration$$EnhancerBySpringCGLIB$$d23a814c] is not eligible for getting processed by all BeanPostProcessors (for example: not eligible for auto-proxying)
2020-09-23 18:28:04 [main] INFO  o.s.b.w.e.tomcat.TomcatWebServer - Tomcat initialized with port(s): 8080 (http)
2020-09-23 18:28:04 [main] INFO  o.a.catalina.core.StandardService - Starting service [Tomcat]
2020-09-23 18:28:04 [main] INFO  o.a.catalina.core.StandardEngine - Starting Servlet engine: [Apache Tomcat/9.0.17]
2020-09-23 18:28:04 [main] INFO  o.a.c.c.C.[Tomcat].[localhost].[/] - Initializing Spring embedded WebApplicationContext
2020-09-23 18:28:05 [main] INFO  s.d.s.w.PropertySourcedRequestMappingHandlerMapping - Mapped URL path [/v2/api-docs] onto method [public org.springframework.http.ResponseEntity<springfox.documentation.spring.web.json.Json> springfox.documentation.swagger2.web.Swagger2Controller.getDocumentation(java.lang.String,javax.servlet.http.HttpServletRequest)]
2020-09-23 18:28:05 [main] INFO  o.s.s.c.ThreadPoolTaskExecutor - Initializing ExecutorService 'applicationTaskExecutor'
2020-09-23 18:28:05 [main] INFO  s.d.s.w.p.DocumentationPluginsBootstrapper - Context refreshed
2020-09-23 18:28:05 [main] INFO  s.d.s.w.p.DocumentationPluginsBootstrapper - Found 1 custom documentation plugin(s)
2020-09-23 18:28:05 [main] INFO  s.d.s.w.s.ApiListingReferenceScanner - Scanning for api listing references
2020-09-23 18:28:05 [main] INFO  s.d.s.w.r.o.CachingOperationNameGenerator - Generating unique operation named: listUsingGET_1
2020-09-23 18:28:05 [main] INFO  s.d.s.w.r.o.CachingOperationNameGenerator - Generating unique operation named: deleteUsingDELETE_1
2020-09-23 18:28:05 [main] INFO  s.d.s.w.r.o.CachingOperationNameGenerator - Generating unique operation named: listUsingGET_2
2020-09-23 18:28:05 [main] INFO  s.d.s.w.r.o.CachingOperationNameGenerator - Generating unique operation named: registerUsingPOST_1
2020-09-23 18:28:06 [main] INFO  s.d.s.w.r.o.CachingOperationNameGenerator - Generating unique operation named: deleteUsingDELETE_2
2020-09-23 18:28:06 [main] INFO  s.d.s.w.r.o.CachingOperationNameGenerator - Generating unique operation named: listUsingGET_3
2020-09-23 18:28:06 [main] INFO  s.d.s.w.r.o.CachingOperationNameGenerator - Generating unique operation named: registerUsingPOST_2
2020-09-23 18:28:06 [main] INFO  s.d.s.w.r.o.CachingOperationNameGenerator - Generating unique operation named: deleteUsingDELETE_3
2020-09-23 18:28:06 [main] INFO  s.d.s.w.r.o.CachingOperationNameGenerator - Generating unique operation named: getUsingGET_1
2020-09-23 18:28:06 [main] INFO  s.d.s.w.r.o.CachingOperationNameGenerator - Generating unique operation named: listUsingGET_4
2020-09-23 18:28:06 [main] INFO  s.d.s.w.r.o.CachingOperationNameGenerator - Generating unique operation named: updateUsingPUT_1
2020-09-23 18:28:06 [main] INFO  s.d.s.w.r.o.CachingOperationNameGenerator - Generating unique operation named: getUsingGET_2
2020-09-23 18:28:06 [main] INFO  s.d.s.w.r.o.CachingOperationNameGenerator - Generating unique operation named: getByUserUsingGET_1
2020-09-23 18:28:06 [main] INFO  s.d.s.w.r.o.CachingOperationNameGenerator - Generating unique operation named: registerUsingPOST_3
2020-09-23 18:28:06 [main] INFO  o.s.b.w.e.tomcat.TomcatWebServer - Tomcat started on port(s): 8080 (http) with context path ''
2020-09-23 18:28:06 [main] INFO  com.ecommerce.Application - Started Application in 3.639 seconds (JVM running for 3.959)
2020-09-23 18:28:11 [http-nio-8080-exec-1] INFO  o.a.c.c.C.[Tomcat].[localhost].[/] - Initializing Spring DispatcherServlet 'dispatcherServlet'
2020-09-23 18:28:54 [http-nio-8080-exec-9] INFO  com.zaxxer.hikari.HikariDataSource - HikariPool-1 - Starting...
2020-09-23 18:28:54 [http-nio-8080-exec-9] INFO  com.zaxxer.hikari.HikariDataSource - HikariPool-1 - Start completed.
